00:21:46 **** Incremental Build of configuration Release for project MultiSensor_bsp ****
make -r all 
Building file: ../src/high_level_drivers/address.c
Invoking: MCU C Compiler
arm-none-eabi-gcc -D__REDLIB__ -DNDEBUG -D__CODE_RED -DCORE_M0PLUS -D__USE_LPCOPEN -D__LPC82X__ -I"G:\GitHub\AE_VVD_MULTI\2_Firmware\1_MultiSensor\MultiSensor_bsp\inc" -I"G:\GitHub\AE_VVD_MULTI\2_Firmware\1_MultiSensor\lpc_chip_82x\inc" -Os -fno-common -g -Wall -c -fmessage-length=0 -fno-builtin -ffunction-sections -fdata-sections -mcpu=cortex-m0 -mthumb -specs=redlib.specs -MMD -MP -MF"src/high_level_drivers/address.d" -MT"src/high_level_drivers/address.o" -MT"src/high_level_drivers/address.d" -o "src/high_level_drivers/address.o" "../src/high_level_drivers/address.c"
Finished building: ../src/high_level_drivers/address.c
 
Building file: ../src/high_level_drivers/highleveldrivers.c
Invoking: MCU C Compiler
arm-none-eabi-gcc -D__REDLIB__ -DNDEBUG -D__CODE_RED -DCORE_M0PLUS -D__USE_LPCOPEN -D__LPC82X__ -I"G:\GitHub\AE_VVD_MULTI\2_Firmware\1_MultiSensor\MultiSensor_bsp\inc" -I"G:\GitHub\AE_VVD_MULTI\2_Firmware\1_MultiSensor\lpc_chip_82x\inc" -Os -fno-common -g -Wall -c -fmessage-length=0 -fno-builtin -ffunction-sections -fdata-sections -mcpu=cortex-m0 -mthumb -specs=redlib.specs -MMD -MP -MF"src/high_level_drivers/highleveldrivers.d" -MT"src/high_level_drivers/highleveldrivers.o" -MT"src/high_level_drivers/highleveldrivers.d" -o "src/high_level_drivers/highleveldrivers.o" "../src/high_level_drivers/highleveldrivers.c"
Finished building: ../src/high_level_drivers/highleveldrivers.c
 
Building file: ../src/high_level_drivers/humidity_dht22.c
Invoking: MCU C Compiler
arm-none-eabi-gcc -D__REDLIB__ -DNDEBUG -D__CODE_RED -DCORE_M0PLUS -D__USE_LPCOPEN -D__LPC82X__ -I"G:\GitHub\AE_VVD_MULTI\2_Firmware\1_MultiSensor\MultiSensor_bsp\inc" -I"G:\GitHub\AE_VVD_MULTI\2_Firmware\1_MultiSensor\lpc_chip_82x\inc" -Os -fno-common -g -Wall -c -fmessage-length=0 -fno-builtin -ffunction-sections -fdata-sections -mcpu=cortex-m0 -mthumb -specs=redlib.specs -MMD -MP -MF"src/high_level_drivers/humidity_dht22.d" -MT"src/high_level_drivers/humidity_dht22.o" -MT"src/high_level_drivers/humidity_dht22.d" -o "src/high_level_drivers/humidity_dht22.o" "../src/high_level_drivers/humidity_dht22.c"
Finished building: ../src/high_level_drivers/humidity_dht22.c
 
Building file: ../src/high_level_drivers/rgbled.c
Invoking: MCU C Compiler
arm-none-eabi-gcc -D__REDLIB__ -DNDEBUG -D__CODE_RED -DCORE_M0PLUS -D__USE_LPCOPEN -D__LPC82X__ -I"G:\GitHub\AE_VVD_MULTI\2_Firmware\1_MultiSensor\MultiSensor_bsp\inc" -I"G:\GitHub\AE_VVD_MULTI\2_Firmware\1_MultiSensor\lpc_chip_82x\inc" -Os -fno-common -g -Wall -c -fmessage-length=0 -fno-builtin -ffunction-sections -fdata-sections -mcpu=cortex-m0 -mthumb -specs=redlib.specs -MMD -MP -MF"src/high_level_drivers/rgbled.d" -MT"src/high_level_drivers/rgbled.o" -MT"src/high_level_drivers/rgbled.d" -o "src/high_level_drivers/rgbled.o" "../src/high_level_drivers/rgbled.c"
Finished building: ../src/high_level_drivers/rgbled.c
 
Building target: libMultiSensor_bsp.a
Invoking: MCU Archiver
arm-none-eabi-ar -r  "libMultiSensor_bsp.a"  ./src/low_level_drivers/adc.o ./src/low_level_drivers/boardconfig.o ./src/low_level_drivers/gpio.o ./src/low_level_drivers/i2c.o ./src/low_level_drivers/lowleveldrivers.o ./src/low_level_drivers/mrt.o ./src/low_level_drivers/pinmux.o ./src/low_level_drivers/pwm.o ./src/low_level_drivers/systick.o ./src/low_level_drivers/usart.o  ./src/library/utilities.o  ./src/high_level_drivers/address.o ./src/high_level_drivers/buzzer.o ./src/high_level_drivers/gas_mq2.o ./src/high_level_drivers/highleveldrivers.o ./src/high_level_drivers/humidity_dht22.o ./src/high_level_drivers/lum_tsl2561.o ./src/high_level_drivers/microphone.o ./src/high_level_drivers/pir_hcsr501.o ./src/high_level_drivers/pressure_bmp280.o ./src/high_level_drivers/rgbled.o ./src/high_level_drivers/temp_ds18b20.o   
c:\nxp\LPCXpresso_8.1.4_606\lpcxpresso\tools\bin\arm-none-eabi-ar.exe: creating libMultiSensor_bsp.a
Finished building target: libMultiSensor_bsp.a
 
make --no-print-directory post-build
Performing post-build steps
arm-none-eabi-size "libMultiSensor_bsp.a" ; # arm-none-eabi-objdump -h -S "libMultiSensor_bsp.a" >"libMultiSensor_bsp.lss"
   text	   data	    bss	    dec	    hex	filename
    468	      0	    169	    637	    27d	adc.o (ex libMultiSensor_bsp.a)
     40	      0	      0	     40	     28	boardconfig.o (ex libMultiSensor_bsp.a)
    654	      0	     29	    683	    2ab	gpio.o (ex libMultiSensor_bsp.a)
    320	      0	      0	    320	    140	i2c.o (ex libMultiSensor_bsp.a)
    430	      0	    332	    762	    2fa	lowleveldrivers.o (ex libMultiSensor_bsp.a)
    524	      0	     32	    556	    22c	mrt.o (ex libMultiSensor_bsp.a)
    184	      0	      0	    184	     b8	pinmux.o (ex libMultiSensor_bsp.a)
    180	      0	      0	    180	     b4	pwm.o (ex libMultiSensor_bsp.a)
    156	      0	      8	    164	     a4	systick.o (ex libMultiSensor_bsp.a)
    788	      0	    464	   1252	    4e4	usart.o (ex libMultiSensor_bsp.a)
     16	      0	      0	     16	     10	utilities.o (ex libMultiSensor_bsp.a)
     92	      0	      0	     92	     5c	address.o (ex libMultiSensor_bsp.a)
      0	      0	      0	      0	      0	buzzer.o (ex libMultiSensor_bsp.a)
      0	      0	      0	      0	      0	gas_mq2.o (ex libMultiSensor_bsp.a)
    264	      0	    253	    517	    205	highleveldrivers.o (ex libMultiSensor_bsp.a)
    638	      0	      0	    638	    27e	humidity_dht22.o (ex libMultiSensor_bsp.a)
      0	      0	      0	      0	      0	lum_tsl2561.o (ex libMultiSensor_bsp.a)
      0	      0	      0	      0	      0	microphone.o (ex libMultiSensor_bsp.a)
      0	      0	      0	      0	      0	pir_hcsr501.o (ex libMultiSensor_bsp.a)
      0	      0	      0	      0	      0	pressure_bmp280.o (ex libMultiSensor_bsp.a)
    604	      0	      0	    604	    25c	rgbled.o (ex libMultiSensor_bsp.a)
      0	      0	      0	      0	      0	temp_ds18b20.o (ex libMultiSensor_bsp.a)
 

00:21:47 Build Finished (took 1s.24ms)

